Build started 4/25/2013 9:34:26 PM.
Project "C:\Users\piershaw\Documents\My Games\HYDRA\sources\map2spin.vcxproj" on node 2 (build target(s)).
InitializeBuildStatus:
  Creating "Debug\map2spin.unsuccessfulbuild" because "AlwaysCreate" was specified.
ClCompile:
  C:\Program Files\Microsoft Visual Studio 10.0\VC\bin\CL.exe /c /AI"C:\Program Files\Reference Assemblies\Microsoft\Framework\.NETFramework\v4.0" /Zi /clr /nologo /W3 /WX- /Od /Oy- /D WIN32 /D _DEBUG /D _WINDOWS /EHa /MDd /GS /fp:precise /Zc:wchar_t /Zc:forScope /Fo"Debug\\" /Fd"Debug\vc100.pdb" /TP /FU"C:\Program Files\Reference Assemblies\Microsoft\Framework\.NETFramework\v4.0\System.Core.dll" /analyze- /errorReport:prompt bmp2spin.cpp map2spin.cpp raw2spin.cpp xgsbmp.cpp xgsbmp\xgsbmp.cpp /clr:nostdlib 
  bmp2spin.cpp
bmp2spin.cpp(365): warning C4305: 'initializing' : truncation from 'double' to 'float'
bmp2spin.cpp(365): warning C4305: 'initializing' : truncation from 'double' to 'float'
bmp2spin.cpp(365): warning C4305: 'initializing' : truncation from 'double' to 'float'
bmp2spin.cpp(450): warning C4305: 'initializing' : truncation from 'int' to 'BYTE'
bmp2spin.cpp(450): warning C4309: 'initializing' : truncation of constant value
bmp2spin.cpp(454): warning C4305: 'initializing' : truncation from 'int' to 'BYTE'
bmp2spin.cpp(454): warning C4309: 'initializing' : truncation of constant value
bmp2spin.cpp(725): warning C4101: 'b' : unreferenced local variable
bmp2spin.cpp(725): warning C4101: 'g' : unreferenced local variable
bmp2spin.cpp(725): warning C4101: 'r' : unreferenced local variable
bmp2spin.cpp(1640): warning C4996: 'fopen': This function or variable may be unsafe. Consider using fopen_s instead. To disable deprecation, use _CRT_SECURE_NO_WARNINGS. See online help for details.
          C:\Program Files\Microsoft Visual Studio 10.0\VC\include\stdio.h(234) : see declaration of 'fopen'
bmp2spin.cpp(1636): warning C4101: 'index' : unreferenced local variable
bmp2spin.cpp(1713): warning C4996: 'stricmp': The POSIX name for this item is deprecated. Instead, use the ISO C++ conformant name: _stricmp. See online help for details.
          C:\Program Files\Microsoft Visual Studio 10.0\VC\include\string.h(246) : see declaration of 'stricmp'
bmp2spin.cpp(1740): warning C4996: 'strcpy': This function or variable may be unsafe. Consider using strcpy_s instead. To disable deprecation, use _CRT_SECURE_NO_WARNINGS. See online help for details.
          C:\Program Files\Microsoft Visual Studio 10.0\VC\include\string.h(105) : see declaration of 'strcpy'
bmp2spin.cpp(1789): warning C4996: 'strcpy': This function or variable may be unsafe. Consider using strcpy_s instead. To disable deprecation, use _CRT_SECURE_NO_WARNINGS. See online help for details.
          C:\Program Files\Microsoft Visual Studio 10.0\VC\include\string.h(105) : see declaration of 'strcpy'
bmp2spin.cpp(1790): warning C4996: 'strcpy': This function or variable may be unsafe. Consider using strcpy_s instead. To disable deprecation, use _CRT_SECURE_NO_WARNINGS. See online help for details.
          C:\Program Files\Microsoft Visual Studio 10.0\VC\include\string.h(105) : see declaration of 'strcpy'
bmp2spin.cpp(1793): warning C4018: '<' : signed/unsigned mismatch
bmp2spin.cpp(1802): warning C4018: '>=' : signed/unsigned mismatch
bmp2spin.cpp(1861): warning C4996: 'strcpy': This function or variable may be unsafe. Consider using strcpy_s instead. To disable deprecation, use _CRT_SECURE_NO_WARNINGS. See online help for details.
          C:\Program Files\Microsoft Visual Studio 10.0\VC\include\string.h(105) : see declaration of 'strcpy'
bmp2spin.cpp(1862): warning C4018: '<' : signed/unsigned mismatch
bmp2spin.cpp(1924): warning C4996: 'scanf': This function or variable may be unsafe. Consider using scanf_s instead. To disable deprecation, use _CRT_SECURE_NO_WARNINGS. See online help for details.
          C:\Program Files\Microsoft Visual Studio 10.0\VC\include\stdio.h(304) : see declaration of 'scanf'
bmp2spin.cpp(1705): warning C4101: 'ty' : unreferenced local variable
bmp2spin.cpp(1705): warning C4101: 'tx' : unreferenced local variable
  map2spin.cpp
map2spin.cpp(385): warning C4305: 'initializing' : truncation from 'double' to 'float'
map2spin.cpp(385): warning C4305: 'initializing' : truncation from 'double' to 'float'
map2spin.cpp(385): warning C4305: 'initializing' : truncation from 'double' to 'float'
map2spin.cpp(470): warning C4305: 'initializing' : truncation from 'int' to 'BYTE'
map2spin.cpp(470): warning C4309: 'initializing' : truncation of constant value
map2spin.cpp(474): warning C4305: 'initializing' : truncation from 'int' to 'BYTE'
map2spin.cpp(474): warning C4309: 'initializing' : truncation of constant value
map2spin.cpp(745): warning C4101: 'b' : unreferenced local variable
map2spin.cpp(745): warning C4101: 'g' : unreferenced local variable
map2spin.cpp(745): warning C4101: 'r' : unreferenced local variable
map2spin.cpp(1665): warning C4996: 'fopen': This function or variable may be unsafe. Consider using fopen_s instead. To disable deprecation, use _CRT_SECURE_NO_WARNINGS. See online help for details.
          C:\Program Files\Microsoft Visual Studio 10.0\VC\include\stdio.h(234) : see declaration of 'fopen'
map2spin.cpp(1661): warning C4101: 'index' : unreferenced local variable
map2spin.cpp(1744): warning C4996: 'stricmp': The POSIX name for this item is deprecated. Instead, use the ISO C++ conformant name: _stricmp. See online help for details.
          C:\Program Files\Microsoft Visual Studio 10.0\VC\include\string.h(246) : see declaration of 'stricmp'
map2spin.cpp(1768): warning C4996: 'strcpy': This function or variable may be unsafe. Consider using strcpy_s instead. To disable deprecation, use _CRT_SECURE_NO_WARNINGS. See online help for details.
          C:\Program Files\Microsoft Visual Studio 10.0\VC\include\string.h(105) : see declaration of 'strcpy'
map2spin.cpp(1771): warning C4996: 'strcpy': This function or variable may be unsafe. Consider using strcpy_s instead. To disable deprecation, use _CRT_SECURE_NO_WARNINGS. See online help for details.
          C:\Program Files\Microsoft Visual Studio 10.0\VC\include\string.h(105) : see declaration of 'strcpy'
map2spin.cpp(1820): warning C4996: 'strcpy': This function or variable may be unsafe. Consider using strcpy_s instead. To disable deprecation, use _CRT_SECURE_NO_WARNINGS. See online help for details.
          C:\Program Files\Microsoft Visual Studio 10.0\VC\include\string.h(105) : see declaration of 'strcpy'
map2spin.cpp(1821): warning C4996: 'strcpy': This function or variable may be unsafe. Consider using strcpy_s instead. To disable deprecation, use _CRT_SECURE_NO_WARNINGS. See online help for details.
          C:\Program Files\Microsoft Visual Studio 10.0\VC\include\string.h(105) : see declaration of 'strcpy'
map2spin.cpp(1824): warning C4018: '<' : signed/unsigned mismatch
map2spin.cpp(1833): warning C4018: '>=' : signed/unsigned mismatch
map2spin.cpp(1892): warning C4996: 'strcpy': This function or variable may be unsafe. Consider using strcpy_s instead. To disable deprecation, use _CRT_SECURE_NO_WARNINGS. See online help for details.
          C:\Program Files\Microsoft Visual Studio 10.0\VC\include\string.h(105) : see declaration of 'strcpy'
map2spin.cpp(1893): warning C4018: '<' : signed/unsigned mismatch
map2spin.cpp(1901): warning C4996: 'strcpy': This function or variable may be unsafe. Consider using strcpy_s instead. To disable deprecation, use _CRT_SECURE_NO_WARNINGS. See online help for details.
          C:\Program Files\Microsoft Visual Studio 10.0\VC\include\string.h(105) : see declaration of 'strcpy'
map2spin.cpp(1902): warning C4018: '<' : signed/unsigned mismatch
map2spin.cpp(1734): warning C4101: 'y' : unreferenced local variable
map2spin.cpp(1734): warning C4101: 'x' : unreferenced local variable
  raw2spin.cpp
raw2spin.cpp(91): warning C4996: 'fopen': This function or variable may be unsafe. Consider using fopen_s instead. To disable deprecation, use _CRT_SECURE_NO_WARNINGS. See online help for details.
          C:\Program Files\Microsoft Visual Studio 10.0\VC\include\stdio.h(234) : see declaration of 'fopen'
raw2spin.cpp(143): warning C4101: 'index' : unreferenced local variable
raw2spin.cpp(143): warning C4101: 'ch' : unreferenced local variable
raw2spin.cpp(143): warning C4101: 'filesize' : unreferenced local variable
  xgsbmp.cpp
xgsbmp.cpp(4): fatal error C1083: Cannot open include file: 'stdafx.h': No such file or directory
  xgsbmp.cpp
xgsbmp\xgsbmp.cpp(4): fatal error C1083: Cannot open include file: 'stdafx.h': No such file or directory
  Generating Code...
Done Building Project "C:\Users\piershaw\Documents\My Games\HYDRA\sources\map2spin.vcxproj" (build target(s)) -- FAILED.

Build FAILED.

Time Elapsed 00:00:06.39
